<?xml version="1.0" encoding="UTF-8"?>
<!-- Generated by org.testng.reporters.JUnitXMLReporter -->
<testsuite hostname="Tagtual" ignored="0" name="Learning jenkins1" tests="2" failures="0" timestamp="19 Dec 2017 13:00:37 GMT" time="1.146" errors="0">
  <testcase name="@BeforeMethod openAppln" time="1.131" classname="generic.Basetest">
    <failure type="java.lang.NoSuchMethodError" message="com.google.common.collect.Multimaps.transformValues(Lcom/google/common/collect/ListMultimap;Lcom/google/common/base/Function;)Lcom/google/common/collect/ListMultimap;">
      <![CDATA[java.lang.NoSuchMethodError: com.google.common.collect.Multimaps.transformValues(Lcom/google/common/collect/ListMultimap;Lcom/google/common/base/Function;)Lcom/google/common/collect/ListMultimap;
	at com.google.common.net.MediaType.computeToString(MediaType.java:751)
	at com.google.common.net.MediaType.toString(MediaType.java:741)
	at org.openqa.selenium.remote.ProtocolHandshake.createSession(ProtocolHandshake.java:106)
	at org.openqa.selenium.remote.ProtocolHandshake.createSession(ProtocolHandshake.java:64)
	at org.openqa.selenium.remote.HttpCommandExecutor.execute(HttpCommandExecutor.java:141)
	at org.openqa.selenium.remote.service.DriverCommandExecutor.execute(DriverCommandExecutor.java:82)
	at org.openqa.selenium.remote.RemoteWebDriver.execute(RemoteWebDriver.java:601)
	at org.openqa.selenium.remote.RemoteWebDriver.startSession(RemoteWebDriver.java:241)
	at org.openqa.selenium.remote.RemoteWebDriver.<init>(RemoteWebDriver.java:128)
	at org.openqa.selenium.remote.RemoteWebDriver.<init>(RemoteWebDriver.java:141)
	at org.openqa.selenium.chrome.ChromeDriver.<init>(ChromeDriver.java:174)
	at org.openqa.selenium.chrome.ChromeDriver.<init>(ChromeDriver.java:163)
	at org.openqa.selenium.chrome.ChromeDriver.<init>(ChromeDriver.java:120)
	at generic.Basetest.openAppln(Basetest.java:16)
... Removed 26 stack frames]]>
    </failure>
  </testcase> <!-- @BeforeMethod openAppln -->
  <testcase name="@BeforeMethod openAppln" time="0.0" classname="generic.Basetest">
    <skipped/>
  </testcase> <!-- @BeforeMethod openAppln -->
  <testcase name="AddDept" time="0.001" classname="scripts.ManageDept">
    <skipped/>
  </testcase> <!-- AddDept -->
  <testcase name="editDepartment" time="0.0" classname="scripts.ManageDept">
    <skipped/>
  </testcase> <!-- editDepartment -->
</testsuite> <!-- Learning jenkins1 -->
