<?xml version="1.0" encoding="UTF-8"?>
<!-- Generated by org.testng.reporters.JUnitXMLReporter -->
<testsuite hostname="Tagtual" ignored="1" name="Default test" tests="7" failures="0" timestamp="15 Dec 2017 11:52:07 GMT" time="363.725" errors="0">
  <testcase name="AddUser" time="64.594" classname="scripts.ManageUser"/>
  <testcase name="EditUSer" time="68.815" classname="scripts.ManageUser"/>
  <testcase name="addBulkUser" time="51.704" classname="scripts.ManageUser"/>
  <testcase name="addDept" time="25.047" classname="scripts.ManageUser"/>
  <testcase name="autosearchAdd" time="25.261" classname="scripts.ManageUser"/>
  <testcase name="bulkUploadClientLevel" time="31.664" classname="scripts.ManageUser"/>
  <testcase name="editUser" time="48.706" classname="scripts.ManageUser"/>
  <testcase name="AddUserClientlevel" time="0.0" classname="scripts.ManageUser">
    <ignored/>
  </testcase> <!-- AddUserClientlevel -->
</testsuite> <!-- Default test -->
