<?xml version="1.0" encoding="UTF-8"?>
<!-- Generated by org.testng.reporters.JUnitXMLReporter -->
<testsuite hostname="Tagtual" ignored="1" name="Test" tests="25" failures="0" timestamp="19 Dec 2017 13:45:03 GMT" time="1.592" errors="0">
  <testcase name="@BeforeMethod openAppln" time="1.546" classname="generic.Basetest">
    <failure type="java.lang.NoSuchMethodError" message="com.google.common.collect.Multimaps.transformValues(Lcom/google/common/collect/ListMultimap;Lcom/google/common/base/Function;)Lcom/google/common/collect/ListMultimap;">
      <![CDATA[java.lang.NoSuchMethodError: com.google.common.collect.Multimaps.transformValues(Lcom/google/common/collect/ListMultimap;Lcom/google/common/base/Function;)Lcom/google/common/collect/ListMultimap;
	at com.google.common.net.MediaType.computeToString(MediaType.java:751)
	at com.google.common.net.MediaType.toString(MediaType.java:741)
	at org.openqa.selenium.remote.ProtocolHandshake.createSession(ProtocolHandshake.java:106)
	at org.openqa.selenium.remote.ProtocolHandshake.createSession(ProtocolHandshake.java:64)
	at org.openqa.selenium.remote.HttpCommandExecutor.execute(HttpCommandExecutor.java:141)
	at org.openqa.selenium.remote.service.DriverCommandExecutor.execute(DriverCommandExecutor.java:82)
	at org.openqa.selenium.remote.RemoteWebDriver.execute(RemoteWebDriver.java:601)
	at org.openqa.selenium.remote.RemoteWebDriver.startSession(RemoteWebDriver.java:241)
	at org.openqa.selenium.remote.RemoteWebDriver.<init>(RemoteWebDriver.java:128)
	at org.openqa.selenium.remote.RemoteWebDriver.<init>(RemoteWebDriver.java:141)
	at org.openqa.selenium.chrome.ChromeDriver.<init>(ChromeDriver.java:174)
	at org.openqa.selenium.chrome.ChromeDriver.<init>(ChromeDriver.java:163)
	at org.openqa.selenium.chrome.ChromeDriver.<init>(ChromeDriver.java:120)
	at generic.Basetest.openAppln(Basetest.java:16)
... Removed 26 stack frames]]>
    </failure>
  </testcase> <!-- @BeforeMethod openAppln -->
  <testcase name="@BeforeMethod openAppln" time="0.0" classname="generic.Basetest">
    <skipped/>
  </testcase> <!-- @BeforeMethod openAppln -->
  <testcase name="@BeforeMethod openAppln" time="0.0" classname="generic.Basetest">
    <skipped/>
  </testcase> <!-- @BeforeMethod openAppln -->
  <testcase name="@BeforeMethod openAppln" time="0.0" classname="generic.Basetest">
    <skipped/>
  </testcase> <!-- @BeforeMethod openAppln -->
  <testcase name="@BeforeMethod openAppln" time="0.0" classname="generic.Basetest">
    <skipped/>
  </testcase> <!-- @BeforeMethod openAppln -->
  <testcase name="@BeforeMethod openAppln" time="0.0" classname="generic.Basetest">
    <skipped/>
  </testcase> <!-- @BeforeMethod openAppln -->
  <testcase name="@BeforeMethod openAppln" time="0.0" classname="generic.Basetest">
    <skipped/>
  </testcase> <!-- @BeforeMethod openAppln -->
  <testcase name="@BeforeMethod openAppln" time="0.0" classname="generic.Basetest">
    <skipped/>
  </testcase> <!-- @BeforeMethod openAppln -->
  <testcase name="@BeforeMethod openAppln" time="0.0" classname="generic.Basetest">
    <skipped/>
  </testcase> <!-- @BeforeMethod openAppln -->
  <testcase name="@BeforeMethod openAppln" time="0.0" classname="generic.Basetest">
    <skipped/>
  </testcase> <!-- @BeforeMethod openAppln -->
  <testcase name="@BeforeMethod openAppln" time="0.0" classname="generic.Basetest">
    <skipped/>
  </testcase> <!-- @BeforeMethod openAppln -->
  <testcase name="@BeforeMethod openAppln" time="0.0" classname="generic.Basetest">
    <skipped/>
  </testcase> <!-- @BeforeMethod openAppln -->
  <testcase name="@BeforeMethod openAppln" time="0.0" classname="generic.Basetest">
    <skipped/>
  </testcase> <!-- @BeforeMethod openAppln -->
  <testcase name="@BeforeMethod openAppln" time="0.0" classname="generic.Basetest">
    <skipped/>
  </testcase> <!-- @BeforeMethod openAppln -->
  <testcase name="@BeforeMethod openAppln" time="0.0" classname="generic.Basetest">
    <skipped/>
  </testcase> <!-- @BeforeMethod openAppln -->
  <testcase name="@BeforeMethod openAppln" time="0.0" classname="generic.Basetest">
    <skipped/>
  </testcase> <!-- @BeforeMethod openAppln -->
  <testcase name="@BeforeMethod openAppln" time="0.0" classname="generic.Basetest">
    <skipped/>
  </testcase> <!-- @BeforeMethod openAppln -->
  <testcase name="@BeforeMethod openAppln" time="0.0" classname="generic.Basetest">
    <skipped/>
  </testcase> <!-- @BeforeMethod openAppln -->
  <testcase name="@BeforeMethod openAppln" time="0.0" classname="generic.Basetest">
    <skipped/>
  </testcase> <!-- @BeforeMethod openAppln -->
  <testcase name="@BeforeMethod openAppln" time="0.0" classname="generic.Basetest">
    <skipped/>
  </testcase> <!-- @BeforeMethod openAppln -->
  <testcase name="@BeforeMethod openAppln" time="0.0" classname="generic.Basetest">
    <skipped/>
  </testcase> <!-- @BeforeMethod openAppln -->
  <testcase name="@BeforeMethod openAppln" time="0.0" classname="generic.Basetest">
    <skipped/>
  </testcase> <!-- @BeforeMethod openAppln -->
  <testcase name="@BeforeMethod openAppln" time="0.0" classname="generic.Basetest">
    <skipped/>
  </testcase> <!-- @BeforeMethod openAppln -->
  <testcase name="@BeforeMethod openAppln" time="0.0" classname="generic.Basetest">
    <skipped/>
  </testcase> <!-- @BeforeMethod openAppln -->
  <testcase name="@BeforeMethod openAppln" time="0.0" classname="generic.Basetest">
    <skipped/>
  </testcase> <!-- @BeforeMethod openAppln -->
  <testcase name="AddDept" time="0.0" classname="scripts.ManageDept">
    <skipped/>
  </testcase> <!-- AddDept -->
  <testcase name="editDepartment" time="0.0" classname="scripts.ManageDept">
    <skipped/>
  </testcase> <!-- editDepartment -->
  <testcase name="bulkLocation" time="0.0" classname="scripts.ManageLocations">
    <skipped/>
  </testcase> <!-- bulkLocation -->
  <testcase name="createLocation" time="0.0" classname="scripts.ManageLocations">
    <skipped/>
  </testcase> <!-- createLocation -->
  <testcase name="disablingLocation" time="0.0" classname="scripts.ManageLocations">
    <skipped/>
  </testcase> <!-- disablingLocation -->
  <testcase name="editLocation" time="0.0" classname="scripts.ManageLocations">
    <skipped/>
  </testcase> <!-- editLocation -->
  <testcase name="createIssues" time="0.0" classname="scripts.ManageIssues">
    <skipped/>
  </testcase> <!-- createIssues -->
  <testcase name="changeDeptUser" time="0.0" classname="scripts.Issues">
    <skipped/>
  </testcase> <!-- changeDeptUser -->
  <testcase name="changeDueDate" time="0.0" classname="scripts.Issues">
    <skipped/>
  </testcase> <!-- changeDueDate -->
  <testcase name="changestatus" time="0.0" classname="scripts.Issues">
    <skipped/>
  </testcase> <!-- changestatus -->
  <testcase name="commentIssue" time="0.0" classname="scripts.Issues">
    <skipped/>
  </testcase> <!-- commentIssue -->
  <testcase name="createIssue" time="0.0" classname="scripts.Issues">
    <skipped/>
  </testcase> <!-- createIssue -->
  <testcase name="createWebIssue" time="0.0" classname="scripts.Issues">
    <skipped/>
  </testcase> <!-- createWebIssue -->
  <testcase name="filterIssue" time="0.0" classname="scripts.Issues">
    <skipped/>
  </testcase> <!-- filterIssue -->
  <testcase name="shareIssue" time="0.0" classname="scripts.Issues">
    <skipped/>
  </testcase> <!-- shareIssue -->
  <testcase name="AddUser" time="0.0" classname="scripts.ManageUser">
    <skipped/>
  </testcase> <!-- AddUser -->
  <testcase name="EditUSer" time="0.0" classname="scripts.ManageUser">
    <skipped/>
  </testcase> <!-- EditUSer -->
  <testcase name="addBulkUser" time="0.0" classname="scripts.ManageUser">
    <skipped/>
  </testcase> <!-- addBulkUser -->
  <testcase name="addDept" time="0.0" classname="scripts.ManageUser">
    <skipped/>
  </testcase> <!-- addDept -->
  <testcase name="autosearchAdd" time="0.0" classname="scripts.ManageUser">
    <skipped/>
  </testcase> <!-- autosearchAdd -->
  <testcase name="bulkUploadClientLevel" time="0.0" classname="scripts.ManageUser">
    <skipped/>
  </testcase> <!-- bulkUploadClientLevel -->
  <testcase name="editUser" time="0.0" classname="scripts.ManageUser">
    <skipped/>
  </testcase> <!-- editUser -->
  <testcase name="createLocationSchedule" time="0.0" classname="scripts.ManageLocationSchedule">
    <skipped/>
  </testcase> <!-- createLocationSchedule -->
  <testcase name="pageLoad" time="0.0" classname="scripts.pageLoadTime">
    <skipped/>
  </testcase> <!-- pageLoad -->
  <testcase name="addSite" time="0.0" classname="scripts.ManageSite">
    <skipped/>
  </testcase> <!-- addSite -->
  <testcase name="AddUserClientlevel" time="0.0" classname="scripts.ManageUser">
    <ignored/>
  </testcase> <!-- AddUserClientlevel -->
</testsuite> <!-- Test -->
